[     610ms] [WARNING] The AudioContext was not allowed to start. It must be resumed (or created) after a user gesture on the page. https://developer.chrome.com/blog/autoplay/#web_audio @ http://localhost:5173/node_modules/.vite/deps/tone.js?v=b98bfc64:7611
[     610ms] [WARNING] The AudioContext was not allowed to start. It must be resumed (or created) after a user gesture on the page. https://developer.chrome.com/blog/autoplay/#web_audio @ http://localhost:5173/node_modules/.vite/deps/tone.js?v=b98bfc64:2868
[     688ms] [WARNING] WARNING: Multiple instances of Three.js being imported. @ http://localhost:5173/node_modules/.vite/deps/emulate-GQOEQED4.js?v=b98bfc64:29532
[     691ms] [WARNING] WARNING: Multiple instances of Three.js being imported. @ http://localhost:5173/node_modules/.vite/deps/emulate-GQOEQED4.js?v=b98bfc64:54796
[     769ms] [WARNING] THREE.THREE.Clock: This module has been deprecated. Please use THREE.Timer instead. @ http://localhost:5173/node_modules/.vite/deps/chunk-65BBDVDB.js?v=b98bfc64:745
[   38780ms] [ERROR] WebSocket connection to 'ws://localhost:5173/' failed: Error in connection establishment: net::ERR_CONNECTION_REFUSED @ http://localhost:5173/@vite/client:1034
[   39786ms] [ERROR] WebSocket connection to 'ws://localhost:5173/' failed: Connection closed before receiving a handshake response @ http://localhost:5173/@vite/client:1034
[   40792ms] [ERROR] WebSocket connection to 'ws://localhost:5173/' failed: Connection closed before receiving a handshake response @ http://localhost:5173/@vite/client:1034
[   41794ms] [ERROR] WebSocket connection to 'ws://localhost:5173/' failed: Connection closed before receiving a handshake response @ http://localhost:5173/@vite/client:1034
[   42797ms] [ERROR] WebSocket connection to 'ws://localhost:5173/' failed: Connection closed before receiving a handshake response @ http://localhost:5173/@vite/client:1034
[   43800ms] [ERROR] WebSocket connection to 'ws://localhost:5173/' failed: Connection closed before receiving a handshake response @ http://localhost:5173/@vite/client:1034
[   44802ms] [ERROR] WebSocket connection to 'ws://localhost:5173/' failed: Connection closed before receiving a handshake response @ http://localhost:5173/@vite/client:1034
[   45805ms] [ERROR] WebSocket connection to 'ws://localhost:5173/' failed: Connection closed before receiving a handshake response @ http://localhost:5173/@vite/client:1034
[   46810ms] [ERROR] WebSocket connection to 'ws://localhost:5173/' failed: Connection closed before receiving a handshake response @ http://localhost:5173/@vite/client:1034
[   47812ms] [ERROR] WebSocket connection to 'ws://localhost:5173/' failed: Connection closed before receiving a handshake response @ http://localhost:5173/@vite/client:1034
[   48817ms] [ERROR] WebSocket connection to 'ws://localhost:5173/' failed: Connection closed before receiving a handshake response @ http://localhost:5173/@vite/client:1034
[   49828ms] [ERROR] WebSocket connection to 'ws://localhost:5173/' failed: Connection closed before receiving a handshake response @ http://localhost:5173/@vite/client:1034
[   50840ms] [ERROR] WebSocket connection to 'ws://localhost:5173/' failed: Connection closed before receiving a handshake response @ http://localhost:5173/@vite/client:1034
[   51846ms] [ERROR] WebSocket connection to 'ws://localhost:5173/' failed: Connection closed before receiving a handshake response @ http://localhost:5173/@vite/client:1034
[   52860ms] [ERROR] WebSocket connection to 'ws://localhost:5173/' failed: Connection closed before receiving a handshake response @ http://localhost:5173/@vite/client:1034
[   53877ms] [ERROR] WebSocket connection to 'ws://localhost:5173/' failed: Connection closed before receiving a handshake response @ http://localhost:5173/@vite/client:1034
[   54916ms] [ERROR] WebSocket connection to 'ws://localhost:5173/' failed: Connection closed before receiving a handshake response @ http://localhost:5173/@vite/client:1034
[   55944ms] [ERROR] WebSocket connection to 'ws://localhost:5173/' failed: Connection closed before receiving a handshake response @ http://localhost:5173/@vite/client:1034
[   57019ms] [ERROR] WebSocket connection to 'ws://localhost:5173/' failed: Connection closed before receiving a handshake response @ http://localhost:5173/@vite/client:1034
[   58094ms] [ERROR] WebSocket connection to 'ws://localhost:5173/' failed: Connection closed before receiving a handshake response @ http://localhost:5173/@vite/client:1034
[   59156ms] [ERROR] WebSocket connection to 'ws://localhost:5173/' failed: Connection closed before receiving a handshake response @ http://localhost:5173/@vite/client:1034
[   60307ms] [ERROR] WebSocket connection to 'ws://localhost:5173/' failed: Connection closed before receiving a handshake response @ http://localhost:5173/@vite/client:1034
[   61394ms] [ERROR] WebSocket connection to 'ws://localhost:5173/' failed: Connection closed before receiving a handshake response @ http://localhost:5173/@vite/client:1034
[   62569ms] [ERROR] WebSocket connection to 'ws://localhost:5173/' failed: Connection closed before receiving a handshake response @ http://localhost:5173/@vite/client:1034
[   63911ms] [ERROR] WebSocket connection to 'ws://localhost:5173/' failed: Connection closed before receiving a handshake response @ http://localhost:5173/@vite/client:1034
[   65060ms] [ERROR] WebSocket connection to 'ws://localhost:5173/' failed: Connection closed before receiving a handshake response @ http://localhost:5173/@vite/client:1034
[   67159ms] [ERROR] WebSocket connection to 'ws://localhost:5173/' failed: Connection closed before receiving a handshake response @ http://localhost:5173/@vite/client:1034
[   68655ms] [ERROR] WebSocket connection to 'ws://localhost:5173/' failed: Connection closed before receiving a handshake response @ http://localhost:5173/@vite/client:1034
[   71568ms] [ERROR] WebSocket connection to 'ws://localhost:5173/' failed: Connection closed before receiving a handshake response @ http://localhost:5173/@vite/client:1034
[   73654ms] [ERROR] WebSocket connection to 'ws://localhost:5173/' failed: Connection closed before receiving a handshake response @ http://localhost:5173/@vite/client:1034
[   79057ms] [ERROR] WebSocket connection to 'ws://localhost:5173/' failed: Connection closed before receiving a handshake response @ http://localhost:5173/@vite/client:1034
[   81098ms] [ERROR] WebSocket connection to 'ws://localhost:5173/' failed: Connection closed before receiving a handshake response @ http://localhost:5173/@vite/client:1034
[   84937ms] [ERROR] WebSocket connection to 'ws://localhost:5173/' failed: Connection closed before receiving a handshake response @ http://localhost:5173/@vite/client:1034
[   90313ms] [ERROR] WebSocket connection to 'ws://localhost:5173/' failed: Connection closed before receiving a handshake response @ http://localhost:5173/@vite/client:1034
[   93706ms] [ERROR] WebSocket connection to 'ws://localhost:5173/' failed: Connection closed before receiving a handshake response @ http://localhost:5173/@vite/client:1034
[   98419ms] [ERROR] WebSocket connection to 'ws://localhost:5173/' failed: Connection closed before receiving a handshake response @ http://localhost:5173/@vite/client:1034
[  100894ms] [ERROR] WebSocket connection to 'ws://localhost:5173/' failed: Connection closed before receiving a handshake response @ http://localhost:5173/@vite/client:1034
[  105244ms] [ERROR] WebSocket connection to 'ws://localhost:5173/' failed: Connection closed before receiving a handshake response @ http://localhost:5173/@vite/client:1034
[  108830ms] [ERROR] WebSocket connection to 'ws://localhost:5173/' failed: Connection closed before receiving a handshake response @ http://localhost:5173/@vite/client:1034
[  114754ms] [ERROR] WebSocket connection to 'ws://localhost:5173/' failed: Connection closed before receiving a handshake response @ http://localhost:5173/@vite/client:1034
[  120353ms] [ERROR] WebSocket connection to 'ws://localhost:5173/' failed: Connection closed before receiving a handshake response @ http://localhost:5173/@vite/client:1034
[  123411ms] [ERROR] WebSocket connection to 'ws://localhost:5173/' failed: Connection closed before receiving a handshake response @ http://localhost:5173/@vite/client:1034
[  126161ms] [ERROR] WebSocket connection to 'ws://localhost:5173/' failed: Connection closed before receiving a handshake response @ http://localhost:5173/@vite/client:1034
[  129802ms] [ERROR] WebSocket connection to 'ws://localhost:5173/' failed: Connection closed before receiving a handshake response @ http://localhost:5173/@vite/client:1034
[  135402ms] [ERROR] WebSocket connection to 'ws://localhost:5173/' failed: Connection closed before receiving a handshake response @ http://localhost:5173/@vite/client:1034
[  138153ms] [ERROR] WebSocket connection to 'ws://localhost:5173/' failed: Connection closed before receiving a handshake response @ http://localhost:5173/@vite/client:1034
[  141687ms] [ERROR] WebSocket connection to 'ws://localhost:5173/' failed: Connection closed before receiving a handshake response @ http://localhost:5173/@vite/client:1034
[  146644ms] [ERROR] WebSocket connection to 'ws://localhost:5173/' failed: Connection closed before receiving a handshake response @ http://localhost:5173/@vite/client:1034
[  150706ms] [ERROR] WebSocket connection to 'ws://localhost:5173/' failed: Connection closed before receiving a handshake response @ http://localhost:5173/@vite/client:1034
[  154616ms] [ERROR] WebSocket connection to 'ws://localhost:5173/' failed: Connection closed before receiving a handshake response @ http://localhost:5173/@vite/client:1034
[  158473ms] [ERROR] WebSocket connection to 'ws://localhost:5173/' failed: Connection closed before receiving a handshake response @ http://localhost:5173/@vite/client:1034
[  162421ms] [ERROR] WebSocket connection to 'ws://localhost:5173/' failed: Connection closed before receiving a handshake response @ http://localhost:5173/@vite/client:1034
[  168090ms] [ERROR] WebSocket connection to 'ws://localhost:5173/' failed: Connection closed before receiving a handshake response @ http://localhost:5173/@vite/client:1034
[  173091ms] [ERROR] WebSocket connection to 'ws://localhost:5173/' failed: Connection closed before receiving a handshake response @ http://localhost:5173/@vite/client:1034
[  178697ms] [ERROR] WebSocket connection to 'ws://localhost:5173/' failed: Connection closed before receiving a handshake response @ http://localhost:5173/@vite/client:1034
[  182258ms] [ERROR] WebSocket connection to 'ws://localhost:5173/' failed: Connection closed before receiving a handshake response @ http://localhost:5173/@vite/client:1034
[  186740ms] [ERROR] WebSocket connection to 'ws://localhost:5173/' failed: Connection closed before receiving a handshake response @ http://localhost:5173/@vite/client:1034
[  191504ms] [ERROR] WebSocket connection to 'ws://localhost:5173/' failed: Connection closed before receiving a handshake response @ http://localhost:5173/@vite/client:1034
[  197102ms] [ERROR] WebSocket connection to 'ws://localhost:5173/' failed: Connection closed before receiving a handshake response @ http://localhost:5173/@vite/client:1034
[  202571ms] [ERROR] WebSocket connection to 'ws://localhost:5173/' failed: Connection closed before receiving a handshake response @ http://localhost:5173/@vite/client:1034
[  208448ms] [ERROR] WebSocket connection to 'ws://localhost:5173/' failed: Connection closed before receiving a handshake response @ http://localhost:5173/@vite/client:1034
[  214314ms] [ERROR] WebSocket connection to 'ws://localhost:5173/' failed: Connection closed before receiving a handshake response @ http://localhost:5173/@vite/client:1034
[  217858ms] [ERROR] WebSocket connection to 'ws://localhost:5173/' failed: Connection closed before receiving a handshake response @ http://localhost:5173/@vite/client:1034
[  222925ms] [ERROR] WebSocket connection to 'ws://localhost:5173/' failed: Connection closed before receiving a handshake response @ http://localhost:5173/@vite/client:1034
[  228067ms] [ERROR] WebSocket connection to 'ws://localhost:5173/' failed: Connection closed before receiving a handshake response @ http://localhost:5173/@vite/client:1034
[  230331ms] [ERROR] WebSocket connection to 'ws://localhost:5173/' failed: Connection closed before receiving a handshake response @ http://localhost:5173/@vite/client:1034
[  233585ms] [ERROR] WebSocket connection to 'ws://localhost:5173/' failed: Connection closed before receiving a handshake response @ http://localhost:5173/@vite/client:1034
[  238534ms] [ERROR] WebSocket connection to 'ws://localhost:5173/' failed: Connection closed before receiving a handshake response @ http://localhost:5173/@vite/client:1034
[  242697ms] [ERROR] WebSocket connection to 'ws://localhost:5173/' failed: Connection closed before receiving a handshake response @ http://localhost:5173/@vite/client:1034
[  244947ms] [ERROR] WebSocket connection to 'ws://localhost:5173/' failed: Connection closed before receiving a handshake response @ http://localhost:5173/@vite/client:1034
[  248393ms] [ERROR] WebSocket connection to 'ws://localhost:5173/' failed: Connection closed before receiving a handshake response @ http://localhost:5173/@vite/client:1034
[  253558ms] [ERROR] WebSocket connection to 'ws://localhost:5173/' failed: Connection closed before receiving a handshake response @ http://localhost:5173/@vite/client:1034
[  256212ms] [ERROR] WebSocket connection to 'ws://localhost:5173/' failed: Connection closed before receiving a handshake response @ http://localhost:5173/@vite/client:1034
[  260255ms] [ERROR] WebSocket connection to 'ws://localhost:5173/' failed: Connection closed before receiving a handshake response @ http://localhost:5173/@vite/client:1034
[  265631ms] [ERROR] WebSocket connection to 'ws://localhost:5173/' failed: Connection closed before receiving a handshake response @ http://localhost:5173/@vite/client:1034
[  269568ms] [ERROR] WebSocket connection to 'ws://localhost:5173/' failed: Connection closed before receiving a handshake response @ http://localhost:5173/@vite/client:1034
[  275264ms] [ERROR] WebSocket connection to 'ws://localhost:5173/' failed: Connection closed before receiving a handshake response @ http://localhost:5173/@vite/client:1034
[  278825ms] [ERROR] WebSocket connection to 'ws://localhost:5173/' failed: Connection closed before receiving a handshake response @ http://localhost:5173/@vite/client:1034
[  281718ms] [ERROR] WebSocket connection to 'ws://localhost:5173/' failed: Connection closed before receiving a handshake response @ http://localhost:5173/@vite/client:1034
[  283922ms] [ERROR] WebSocket connection to 'ws://localhost:5173/' failed: Connection closed before receiving a handshake response @ http://localhost:5173/@vite/client:1034
[  286430ms] [ERROR] WebSocket connection to 'ws://localhost:5173/' failed: Connection closed before receiving a handshake response @ http://localhost:5173/@vite/client:1034
[  290198ms] [ERROR] WebSocket connection to 'ws://localhost:5173/' failed: Connection closed before receiving a handshake response @ http://localhost:5173/@vite/client:1034
[  293532ms] [ERROR] WebSocket connection to 'ws://localhost:5173/' failed: Connection closed before receiving a handshake response @ http://localhost:5173/@vite/client:1034
[  299093ms] [ERROR] WebSocket connection to 'ws://localhost:5173/' failed: Connection closed before receiving a handshake response @ http://localhost:5173/@vite/client:1034
[  301153ms] [ERROR] WebSocket connection to 'ws://localhost:5173/' failed: Connection closed before receiving a handshake response @ http://localhost:5173/@vite/client:1034
[  304383ms] [ERROR] WebSocket connection to 'ws://localhost:5173/' failed: Connection closed before receiving a handshake response @ http://localhost:5173/@vite/client:1034
[  309683ms] [ERROR] WebSocket connection to 'ws://localhost:5173/' failed: Connection closed before receiving a handshake response @ http://localhost:5173/@vite/client:1034
[  314927ms] [ERROR] WebSocket connection to 'ws://localhost:5173/' failed: Connection closed before receiving a handshake response @ http://localhost:5173/@vite/client:1034
[  320006ms] [ERROR] WebSocket connection to 'ws://localhost:5173/' failed: Connection closed before receiving a handshake response @ http://localhost:5173/@vite/client:1034
[  322350ms] [ERROR] WebSocket connection to 'ws://localhost:5173/' failed: Connection closed before receiving a handshake response @ http://localhost:5173/@vite/client:1034
[  327113ms] [ERROR] WebSocket connection to 'ws://localhost:5173/' failed: Connection closed before receiving a handshake response @ http://localhost:5173/@vite/client:1034
[  330091ms] [ERROR] WebSocket connection to 'ws://localhost:5173/' failed: Connection closed before receiving a handshake response @ http://localhost:5173/@vite/client:1034
[  332761ms] [ERROR] WebSocket connection to 'ws://localhost:5173/' failed: Connection closed before receiving a handshake response @ http://localhost:5173/@vite/client:1034
[  336451ms] [ERROR] WebSocket connection to 'ws://localhost:5173/' failed: Connection closed before receiving a handshake response @ http://localhost:5173/@vite/client:1034
[  341993ms] [ERROR] WebSocket connection to 'ws://localhost:5173/' failed: Connection closed before receiving a handshake response @ http://localhost:5173/@vite/client:1034
[  344482ms] [ERROR] WebSocket connection to 'ws://localhost:5173/' failed: Connection closed before receiving a handshake response @ http://localhost:5173/@vite/client:1034
[  347287ms] [ERROR] WebSocket connection to 'ws://localhost:5173/' failed: Connection closed before receiving a handshake response @ http://localhost:5173/@vite/client:1034
[  351376ms] [ERROR] WebSocket connection to 'ws://localhost:5173/' failed: Connection closed before receiving a handshake response @ http://localhost:5173/@vite/client:1034
[  356149ms] [ERROR] WebSocket connection to 'ws://localhost:5173/' failed: Connection closed before receiving a handshake response @ http://localhost:5173/@vite/client:1034
[  361251ms] [ERROR] WebSocket connection to 'ws://localhost:5173/' failed: Connection closed before receiving a handshake response @ http://localhost:5173/@vite/client:1034
[  364567ms] [ERROR] WebSocket connection to 'ws://localhost:5173/' failed: Connection closed before receiving a handshake response @ http://localhost:5173/@vite/client:1034
[  367318ms] [ERROR] WebSocket connection to 'ws://localhost:5173/' failed: Connection closed before receiving a handshake response @ http://localhost:5173/@vite/client:1034
[  373136ms] [ERROR] WebSocket connection to 'ws://localhost:5173/' failed: Connection closed before receiving a handshake response @ http://localhost:5173/@vite/client:1034
[  375413ms] [ERROR] WebSocket connection to 'ws://localhost:5173/' failed: Connection closed before receiving a handshake response @ http://localhost:5173/@vite/client:1034
[  380274ms] [ERROR] WebSocket connection to 'ws://localhost:5173/' failed: Connection closed before receiving a handshake response @ http://localhost:5173/@vite/client:1034
[  382951ms] [ERROR] WebSocket connection to 'ws://localhost:5173/' failed: Connection closed before receiving a handshake response @ http://localhost:5173/@vite/client:1034
[  388405ms] [ERROR] WebSocket connection to 'ws://localhost:5173/' failed: Connection closed before receiving a handshake response @ http://localhost:5173/@vite/client:1034
[  390874ms] [ERROR] WebSocket connection to 'ws://localhost:5173/' failed: Connection closed before receiving a handshake response @ http://localhost:5173/@vite/client:1034
[  393990ms] [ERROR] WebSocket connection to 'ws://localhost:5173/' failed: Connection closed before receiving a handshake response @ http://localhost:5173/@vite/client:1034
[  396317ms] [ERROR] WebSocket connection to 'ws://localhost:5173/' failed: Connection closed before receiving a handshake response @ http://localhost:5173/@vite/client:1034
[  400418ms] [ERROR] WebSocket connection to 'ws://localhost:5173/' failed: Connection closed before receiving a handshake response @ http://localhost:5173/@vite/client:1034
