[     356ms] [WARNING] The AudioContext was not allowed to start. It must be resumed (or created) after a user gesture on the page. https://developer.chrome.com/blog/autoplay/#web_audio @ http://localhost:5173/node_modules/.vite/deps/tone.js?v=b98bfc64:7611
[     356ms] [WARNING] The AudioContext was not allowed to start. It must be resumed (or created) after a user gesture on the page. https://developer.chrome.com/blog/autoplay/#web_audio @ http://localhost:5173/node_modules/.vite/deps/tone.js?v=b98bfc64:2868
[     427ms] [WARNING] WARNING: Multiple instances of Three.js being imported. @ http://localhost:5173/node_modules/.vite/deps/emulate-GQOEQED4.js?v=b98bfc64:29532
[     430ms] [WARNING] WARNING: Multiple instances of Three.js being imported. @ http://localhost:5173/node_modules/.vite/deps/emulate-GQOEQED4.js?v=b98bfc64:54796
[     556ms] [WARNING] THREE.THREE.Clock: This module has been deprecated. Please use THREE.Timer instead. @ http://localhost:5173/node_modules/.vite/deps/chunk-65BBDVDB.js?v=b98bfc64:745
[   32528ms] [ERROR] WebSocket connection to 'ws://localhost:5173/' failed: Error in connection establishment: net::ERR_CONNECTION_REFUSED @ http://localhost:5173/@vite/client:1034
[   33547ms] [ERROR] WebSocket connection to 'ws://localhost:5173/' failed: Connection closed before receiving a handshake response @ http://localhost:5173/@vite/client:1034
[   34553ms] [ERROR] WebSocket connection to 'ws://localhost:5173/' failed: Connection closed before receiving a handshake response @ http://localhost:5173/@vite/client:1034
[   35555ms] [ERROR] WebSocket connection to 'ws://localhost:5173/' failed: Connection closed before receiving a handshake response @ http://localhost:5173/@vite/client:1034
[   36560ms] [ERROR] WebSocket connection to 'ws://localhost:5173/' failed: Connection closed before receiving a handshake response @ http://localhost:5173/@vite/client:1034
[   37563ms] [ERROR] WebSocket connection to 'ws://localhost:5173/' failed: Connection closed before receiving a handshake response @ http://localhost:5173/@vite/client:1034
[   38565ms] [ERROR] WebSocket connection to 'ws://localhost:5173/' failed: Connection closed before receiving a handshake response @ http://localhost:5173/@vite/client:1034
[   39569ms] [ERROR] WebSocket connection to 'ws://localhost:5173/' failed: Connection closed before receiving a handshake response @ http://localhost:5173/@vite/client:1034
[   40573ms] [ERROR] WebSocket connection to 'ws://localhost:5173/' failed: Connection closed before receiving a handshake response @ http://localhost:5173/@vite/client:1034
[   41577ms] [ERROR] WebSocket connection to 'ws://localhost:5173/' failed: Connection closed before receiving a handshake response @ http://localhost:5173/@vite/client:1034
[   42584ms] [ERROR] WebSocket connection to 'ws://localhost:5173/' failed: Connection closed before receiving a handshake response @ http://localhost:5173/@vite/client:1034
[   43590ms] [ERROR] WebSocket connection to 'ws://localhost:5173/' failed: Connection closed before receiving a handshake response @ http://localhost:5173/@vite/client:1034
[   44604ms] [ERROR] WebSocket connection to 'ws://localhost:5173/' failed: Connection closed before receiving a handshake response @ http://localhost:5173/@vite/client:1034
[   45612ms] [ERROR] WebSocket connection to 'ws://localhost:5173/' failed: Connection closed before receiving a handshake response @ http://localhost:5173/@vite/client:1034
[   46630ms] [ERROR] WebSocket connection to 'ws://localhost:5173/' failed: Connection closed before receiving a handshake response @ http://localhost:5173/@vite/client:1034
[   47643ms] [ERROR] WebSocket connection to 'ws://localhost:5173/' failed: Connection closed before receiving a handshake response @ http://localhost:5173/@vite/client:1034
[   48680ms] [ERROR] WebSocket connection to 'ws://localhost:5173/' failed: Connection closed before receiving a handshake response @ http://localhost:5173/@vite/client:1034
[   49706ms] [ERROR] WebSocket connection to 'ws://localhost:5173/' failed: Connection closed before receiving a handshake response @ http://localhost:5173/@vite/client:1034
[   50738ms] [ERROR] WebSocket connection to 'ws://localhost:5173/' failed: Connection closed before receiving a handshake response @ http://localhost:5173/@vite/client:1034
[   51820ms] [ERROR] WebSocket connection to 'ws://localhost:5173/' failed: Connection closed before receiving a handshake response @ http://localhost:5173/@vite/client:1034
[   52867ms] [ERROR] WebSocket connection to 'ws://localhost:5173/' failed: Connection closed before receiving a handshake response @ http://localhost:5173/@vite/client:1034
[   53905ms] [ERROR] WebSocket connection to 'ws://localhost:5173/' failed: Connection closed before receiving a handshake response @ http://localhost:5173/@vite/client:1034
[   55055ms] [ERROR] WebSocket connection to 'ws://localhost:5173/' failed: Connection closed before receiving a handshake response @ http://localhost:5173/@vite/client:1034
[   56318ms] [ERROR] WebSocket connection to 'ws://localhost:5173/' failed: Connection closed before receiving a handshake response @ http://localhost:5173/@vite/client:1034
[   57919ms] [ERROR] WebSocket connection to 'ws://localhost:5173/' failed: Connection closed before receiving a handshake response @ http://localhost:5173/@vite/client:1034
[   59176ms] [ERROR] WebSocket connection to 'ws://localhost:5173/' failed: Connection closed before receiving a handshake response @ http://localhost:5173/@vite/client:1034
[   60840ms] [ERROR] WebSocket connection to 'ws://localhost:5173/' failed: Connection closed before receiving a handshake response @ http://localhost:5173/@vite/client:1034
[   62945ms] [ERROR] WebSocket connection to 'ws://localhost:5173/' failed: Connection closed before receiving a handshake response @ http://localhost:5173/@vite/client:1034
[   66046ms] [ERROR] WebSocket connection to 'ws://localhost:5173/' failed: Connection closed before receiving a handshake response @ http://localhost:5173/@vite/client:1034
[   67980ms] [ERROR] WebSocket connection to 'ws://localhost:5173/' failed: Connection closed before receiving a handshake response @ http://localhost:5173/@vite/client:1034
[   70575ms] [ERROR] WebSocket connection to 'ws://localhost:5173/' failed: Connection closed before receiving a handshake response @ http://localhost:5173/@vite/client:1034
[   75339ms] [ERROR] WebSocket connection to 'ws://localhost:5173/' failed: Connection closed before receiving a handshake response @ http://localhost:5173/@vite/client:1034
[   77709ms] [ERROR] WebSocket connection to 'ws://localhost:5173/' failed: Connection closed before receiving a handshake response @ http://localhost:5173/@vite/client:1034
[   82368ms] [ERROR] WebSocket connection to 'ws://localhost:5173/' failed: Connection closed before receiving a handshake response @ http://localhost:5173/@vite/client:1034
[   86243ms] [ERROR] WebSocket connection to 'ws://localhost:5173/' failed: Connection closed before receiving a handshake response @ http://localhost:5173/@vite/client:1034
[   92098ms] [ERROR] WebSocket connection to 'ws://localhost:5173/' failed: Connection closed before receiving a handshake response @ http://localhost:5173/@vite/client:1034
[   95363ms] [ERROR] WebSocket connection to 'ws://localhost:5173/' failed: Connection closed before receiving a handshake response @ http://localhost:5173/@vite/client:1034
[  100476ms] [ERROR] WebSocket connection to 'ws://localhost:5173/' failed: Connection closed before receiving a handshake response @ http://localhost:5173/@vite/client:1034
[  103176ms] [ERROR] WebSocket connection to 'ws://localhost:5173/' failed: Connection closed before receiving a handshake response @ http://localhost:5173/@vite/client:1034
[  108558ms] [ERROR] WebSocket connection to 'ws://localhost:5173/' failed: Connection closed before receiving a handshake response @ http://localhost:5173/@vite/client:1034
[  114054ms] [ERROR] WebSocket connection to 'ws://localhost:5173/' failed: Connection closed before receiving a handshake response @ http://localhost:5173/@vite/client:1034
[  116914ms] [ERROR] WebSocket connection to 'ws://localhost:5173/' failed: Connection closed before receiving a handshake response @ http://localhost:5173/@vite/client:1034
[  119221ms] [ERROR] WebSocket connection to 'ws://localhost:5173/' failed: Connection closed before receiving a handshake response @ http://localhost:5173/@vite/client:1034
[  124721ms] [ERROR] WebSocket connection to 'ws://localhost:5173/' failed: Connection closed before receiving a handshake response @ http://localhost:5173/@vite/client:1034
[  129400ms] [ERROR] WebSocket connection to 'ws://localhost:5173/' failed: Connection closed before receiving a handshake response @ http://localhost:5173/@vite/client:1034
[  134523ms] [ERROR] WebSocket connection to 'ws://localhost:5173/' failed: Connection closed before receiving a handshake response @ http://localhost:5173/@vite/client:1034
[  137055ms] [ERROR] WebSocket connection to 'ws://localhost:5173/' failed: Connection closed before receiving a handshake response @ http://localhost:5173/@vite/client:1034
[  140857ms] [ERROR] WebSocket connection to 'ws://localhost:5173/' failed: Connection closed before receiving a handshake response @ http://localhost:5173/@vite/client:1034
[  144462ms] [ERROR] WebSocket connection to 'ws://localhost:5173/' failed: Connection closed before receiving a handshake response @ http://localhost:5173/@vite/client:1034
[  145463ms] [ERROR] WebSocket connection to 'ws://localhost:5173/' failed: Connection closed before receiving a handshake response @ http://localhost:5173/@vite/client:1034
[  146466ms] [ERROR] WebSocket connection to 'ws://localhost:5173/' failed: Connection closed before receiving a handshake response @ http://localhost:5173/@vite/client:1034
[  147468ms] [ERROR] WebSocket connection to 'ws://localhost:5173/' failed: Connection closed before receiving a handshake response @ http://localhost:5173/@vite/client:1034
[  148477ms] [ERROR] WebSocket connection to 'ws://localhost:5173/' failed: Connection closed before receiving a handshake response @ http://localhost:5173/@vite/client:1034
[  149486ms] [ERROR] WebSocket connection to 'ws://localhost:5173/' failed: Connection closed before receiving a handshake response @ http://localhost:5173/@vite/client:1034
[  150494ms] [ERROR] WebSocket connection to 'ws://localhost:5173/' failed: Connection closed before receiving a handshake response @ http://localhost:5173/@vite/client:1034
[  151502ms] [ERROR] WebSocket connection to 'ws://localhost:5173/' failed: Connection closed before receiving a handshake response @ http://localhost:5173/@vite/client:1034
[  152511ms] [ERROR] WebSocket connection to 'ws://localhost:5173/' failed: Connection closed before receiving a handshake response @ http://localhost:5173/@vite/client:1034
[  153547ms] [ERROR] WebSocket connection to 'ws://localhost:5173/' failed: Connection closed before receiving a handshake response @ http://localhost:5173/@vite/client:1034
[  154601ms] [ERROR] WebSocket connection to 'ws://localhost:5173/' failed: Connection closed before receiving a handshake response @ http://localhost:5173/@vite/client:1034
[  155684ms] [ERROR] WebSocket connection to 'ws://localhost:5173/' failed: Connection closed before receiving a handshake response @ http://localhost:5173/@vite/client:1034
[  156925ms] [ERROR] WebSocket connection to 'ws://localhost:5173/' failed: Connection closed before receiving a handshake response @ http://localhost:5173/@vite/client:1034
[  158504ms] [ERROR] WebSocket connection to 'ws://localhost:5173/' failed: Connection closed before receiving a handshake response @ http://localhost:5173/@vite/client:1034
[  160271ms] [ERROR] WebSocket connection to 'ws://localhost:5173/' failed: Connection closed before receiving a handshake response @ http://localhost:5173/@vite/client:1034
[  162321ms] [ERROR] WebSocket connection to 'ws://localhost:5173/' failed: Connection closed before receiving a handshake response @ http://localhost:5173/@vite/client:1034
[  167709ms] [ERROR] WebSocket connection to 'ws://localhost:5173/' failed: Connection closed before receiving a handshake response @ http://localhost:5173/@vite/client:1034
[  170920ms] [ERROR] WebSocket connection to 'ws://localhost:5173/' failed: Connection closed before receiving a handshake response @ http://localhost:5173/@vite/client:1034
[  175575ms] [ERROR] WebSocket connection to 'ws://localhost:5173/' failed: Connection closed before receiving a handshake response @ http://localhost:5173/@vite/client:1034
[  180160ms] [ERROR] WebSocket connection to 'ws://localhost:5173/' failed: Connection closed before receiving a handshake response @ http://localhost:5173/@vite/client:1034
[  182854ms] [ERROR] WebSocket connection to 'ws://localhost:5173/' failed: Connection closed before receiving a handshake response @ http://localhost:5173/@vite/client:1034
[  187292ms] [ERROR] WebSocket connection to 'ws://localhost:5173/' failed: Connection closed before receiving a handshake response @ http://localhost:5173/@vite/client:1034
[  191388ms] [ERROR] WebSocket connection to 'ws://localhost:5173/' failed: Connection closed before receiving a handshake response @ http://localhost:5173/@vite/client:1034
[  194864ms] [ERROR] WebSocket connection to 'ws://localhost:5173/' failed: Connection closed before receiving a handshake response @ http://localhost:5173/@vite/client:1034
[  199500ms] [ERROR] WebSocket connection to 'ws://localhost:5173/' failed: Connection closed before receiving a handshake response @ http://localhost:5173/@vite/client:1034
[  203295ms] [ERROR] WebSocket connection to 'ws://localhost:5173/' failed: Connection closed before receiving a handshake response @ http://localhost:5173/@vite/client:1034
[  205367ms] [ERROR] WebSocket connection to 'ws://localhost:5173/' failed: Connection closed before receiving a handshake response @ http://localhost:5173/@vite/client:1034
[  207750ms] [ERROR] WebSocket connection to 'ws://localhost:5173/' failed: Connection closed before receiving a handshake response @ http://localhost:5173/@vite/client:1034
[  212668ms] [ERROR] WebSocket connection to 'ws://localhost:5173/' failed: Connection closed before receiving a handshake response @ http://localhost:5173/@vite/client:1034
[  218317ms] [ERROR] WebSocket connection to 'ws://localhost:5173/' failed: Connection closed before receiving a handshake response @ http://localhost:5173/@vite/client:1034
[  223488ms] [ERROR] WebSocket connection to 'ws://localhost:5173/' failed: Connection closed before receiving a handshake response @ http://localhost:5173/@vite/client:1034
[  226321ms] [ERROR] WebSocket connection to 'ws://localhost:5173/' failed: Connection closed before receiving a handshake response @ http://localhost:5173/@vite/client:1034
[  231737ms] [ERROR] WebSocket connection to 'ws://localhost:5173/' failed: Connection closed before receiving a handshake response @ http://localhost:5173/@vite/client:1034
[  235938ms] [ERROR] WebSocket connection to 'ws://localhost:5173/' failed: Connection closed before receiving a handshake response @ http://localhost:5173/@vite/client:1034
[  240761ms] [ERROR] WebSocket connection to 'ws://localhost:5173/' failed: Connection closed before receiving a handshake response @ http://localhost:5173/@vite/client:1034
[  242944ms] [ERROR] WebSocket connection to 'ws://localhost:5173/' failed: Connection closed before receiving a handshake response @ http://localhost:5173/@vite/client:1034
[  245637ms] [ERROR] WebSocket connection to 'ws://localhost:5173/' failed: Connection closed before receiving a handshake response @ http://localhost:5173/@vite/client:1034
[  250092ms] [ERROR] WebSocket connection to 'ws://localhost:5173/' failed: Connection closed before receiving a handshake response @ http://localhost:5173/@vite/client:1034
[  253311ms] [ERROR] WebSocket connection to 'ws://localhost:5173/' failed: Connection closed before receiving a handshake response @ http://localhost:5173/@vite/client:1034
[  255699ms] [ERROR] WebSocket connection to 'ws://localhost:5173/' failed: Connection closed before receiving a handshake response @ http://localhost:5173/@vite/client:1034
[  258795ms] [ERROR] WebSocket connection to 'ws://localhost:5173/' failed: Connection closed before receiving a handshake response @ http://localhost:5173/@vite/client:1034
[  261844ms] [ERROR] WebSocket connection to 'ws://localhost:5173/' failed: Connection closed before receiving a handshake response @ http://localhost:5173/@vite/client:1034
[  264350ms] [ERROR] WebSocket connection to 'ws://localhost:5173/' failed: Connection closed before receiving a handshake response @ http://localhost:5173/@vite/client:1034
[  269186ms] [ERROR] WebSocket connection to 'ws://localhost:5173/' failed: Connection closed before receiving a handshake response @ http://localhost:5173/@vite/client:1034
[  273869ms] [ERROR] WebSocket connection to 'ws://localhost:5173/' failed: Connection closed before receiving a handshake response @ http://localhost:5173/@vite/client:1034
[  277301ms] [ERROR] WebSocket connection to 'ws://localhost:5173/' failed: Connection closed before receiving a handshake response @ http://localhost:5173/@vite/client:1034
[  281069ms] [ERROR] WebSocket connection to 'ws://localhost:5173/' failed: Connection closed before receiving a handshake response @ http://localhost:5173/@vite/client:1034
[  285946ms] [ERROR] WebSocket connection to 'ws://localhost:5173/' failed: Connection closed before receiving a handshake response @ http://localhost:5173/@vite/client:1034
[  290971ms] [ERROR] WebSocket connection to 'ws://localhost:5173/' failed: Connection closed before receiving a handshake response @ http://localhost:5173/@vite/client:1034
