[     190ms] [WARNING] The AudioContext was not allowed to start. It must be resumed (or created) after a user gesture on the page. https://developer.chrome.com/blog/autoplay/#web_audio @ http://localhost:5173/crystal-cathedral/node_modules/.vite/deps/tone.js?v=b98bfc64:7611
[     190ms] [WARNING] The AudioContext was not allowed to start. It must be resumed (or created) after a user gesture on the page. https://developer.chrome.com/blog/autoplay/#web_audio @ http://localhost:5173/crystal-cathedral/node_modules/.vite/deps/tone.js?v=b98bfc64:2868
[     225ms] [WARNING] WARNING: Multiple instances of Three.js being imported. @ http://localhost:5173/crystal-cathedral/node_modules/.vite/deps/emulate-BZEE5VIU.js?v=b98bfc64:29532
[     228ms] [WARNING] WARNING: Multiple instances of Three.js being imported. @ http://localhost:5173/crystal-cathedral/node_modules/.vite/deps/emulate-BZEE5VIU.js?v=b98bfc64:54796
[     311ms] [WARNING] THREE.THREE.Clock: This module has been deprecated. Please use THREE.Timer instead. @ http://localhost:5173/crystal-cathedral/node_modules/.vite/deps/chunk-65BBDVDB.js?v=b98bfc64:745
[   50299ms] [ERROR] WebSocket connection to 'ws://localhost:5173/crystal-cathedral/' failed: Error in connection establishment: net::ERR_CONNECTION_REFUSED @ http://localhost:5173/crystal-cathedral/@vite/client:1034
[   51312ms] [ERROR] WebSocket connection to 'ws://localhost:5173/crystal-cathedral/' failed: Connection closed before receiving a handshake response @ http://localhost:5173/crystal-cathedral/@vite/client:1034
[   52316ms] [ERROR] WebSocket connection to 'ws://localhost:5173/crystal-cathedral/' failed: Connection closed before receiving a handshake response @ http://localhost:5173/crystal-cathedral/@vite/client:1034
[   53318ms] [ERROR] WebSocket connection to 'ws://localhost:5173/crystal-cathedral/' failed: Connection closed before receiving a handshake response @ http://localhost:5173/crystal-cathedral/@vite/client:1034
[   54320ms] [ERROR] WebSocket connection to 'ws://localhost:5173/crystal-cathedral/' failed: Connection closed before receiving a handshake response @ http://localhost:5173/crystal-cathedral/@vite/client:1034
[   55322ms] [ERROR] WebSocket connection to 'ws://localhost:5173/crystal-cathedral/' failed: Connection closed before receiving a handshake response @ http://localhost:5173/crystal-cathedral/@vite/client:1034
[   56324ms] [ERROR] WebSocket connection to 'ws://localhost:5173/crystal-cathedral/' failed: Connection closed before receiving a handshake response @ http://localhost:5173/crystal-cathedral/@vite/client:1034
[   57327ms] [ERROR] WebSocket connection to 'ws://localhost:5173/crystal-cathedral/' failed: Connection closed before receiving a handshake response @ http://localhost:5173/crystal-cathedral/@vite/client:1034
[   58330ms] [ERROR] WebSocket connection to 'ws://localhost:5173/crystal-cathedral/' failed: Connection closed before receiving a handshake response @ http://localhost:5173/crystal-cathedral/@vite/client:1034
[   59335ms] [ERROR] WebSocket connection to 'ws://localhost:5173/crystal-cathedral/' failed: Connection closed before receiving a handshake response @ http://localhost:5173/crystal-cathedral/@vite/client:1034
[   60339ms] [ERROR] WebSocket connection to 'ws://localhost:5173/crystal-cathedral/' failed: Connection closed before receiving a handshake response @ http://localhost:5173/crystal-cathedral/@vite/client:1034
[   61341ms] [ERROR] WebSocket connection to 'ws://localhost:5173/crystal-cathedral/' failed: Connection closed before receiving a handshake response @ http://localhost:5173/crystal-cathedral/@vite/client:1034
[   62343ms] [ERROR] WebSocket connection to 'ws://localhost:5173/crystal-cathedral/' failed: Connection closed before receiving a handshake response @ http://localhost:5173/crystal-cathedral/@vite/client:1034
[   63347ms] [ERROR] WebSocket connection to 'ws://localhost:5173/crystal-cathedral/' failed: Connection closed before receiving a handshake response @ http://localhost:5173/crystal-cathedral/@vite/client:1034
[   64349ms] [ERROR] WebSocket connection to 'ws://localhost:5173/crystal-cathedral/' failed: Connection closed before receiving a handshake response @ http://localhost:5173/crystal-cathedral/@vite/client:1034
[   65353ms] [ERROR] WebSocket connection to 'ws://localhost:5173/crystal-cathedral/' failed: Connection closed before receiving a handshake response @ http://localhost:5173/crystal-cathedral/@vite/client:1034
[   66358ms] [ERROR] WebSocket connection to 'ws://localhost:5173/crystal-cathedral/' failed: Connection closed before receiving a handshake response @ http://localhost:5173/crystal-cathedral/@vite/client:1034
